{
  "RSpec": {
    "coverage": {
      "/Users/Jscincotta/challenges/api-tickets/app/models/user.rb": [
        1,
        1,
        1,
        1,
        null,
        1,
        1,
        1,
        null,
        null,
        1,
        null,
        null
      ],
      "/Users/Jscincotta/challenges/api-tickets/app/models/application_record.rb": [
        1,
        1,
        null
      ],
      "/Users/Jscincotta/challenges/api-tickets/app/helpers/application_helper.rb": [
        1,
        null
      ],
      "/Users/Jscincotta/challenges/api-tickets/app/models/saved_event.rb": [
        1,
        1,
        null,
        1,
        1,
        1,
        1,
        null,
        null
      ],
      "/Users/Jscincotta/challenges/api-tickets/app/models/search_history.rb": [
        1,
        1,
        1,
        1,
        null,
        1,
        1,
        null
      ],
      "/Users/Jscincotta/challenges/api-tickets/app/models/ticket.rb": [
        1,
        1,
        1,
        1,
        1,
        1,
        null,
        1,
        0,
        0,
        0,
        null,
        null,
        1,
        0,
        0,
        0,
        null,
        null,
        1,
        0,
        0,
        0,
        null,
        null
      ],
      "/Users/Jscincotta/challenges/api-tickets/app/controllers/tickets_controller.rb": [
        1,
        null,
        null
      ],
      "/Users/Jscincotta/challenges/api-tickets/app/controllers/application_controller.rb": [
        1,
        1,
        null,
        1,
        null,
        1,
        null,
        1,
        10,
        10,
        null,
        null
      ],
      "/Users/Jscincotta/challenges/api-tickets/app/channels/application_cable/channel.rb": [
        0,
        0,
        0,
        0
      ],
      "/Users/Jscincotta/challenges/api-tickets/app/channels/application_cable/connection.rb": [
        0,
        0,
        0,
        0
      ],
      "/Users/Jscincotta/challenges/api-tickets/app/controllers/api/saved_events_controller.rb": [
        0,
        0,
        0,
        0,
        0,
        0,
        0,
        0,
        0,
        0,
        0,
        0,
        0,
        0,
        0,
        0,
        0,
        0,
        0,
        0,
        0,
        0,
        0,
        0,
        0,
        0,
        0,
        0,
        0,
        0,
        0,
        0,
        0,
        0,
        0,
        0,
        0,
        0,
        0,
        0,
        0,
        0,
        0,
        0,
        0,
        0,
        0,
        0,
        0,
        0,
        0,
        0,
        0,
        0,
        0,
        0,
        0,
        0,
        0,
        0,
        0,
        0,
        0,
        0,
        0,
        0,
        0,
        0,
        0
      ],
      "/Users/Jscincotta/challenges/api-tickets/app/controllers/api/search_histories_controller.rb": [
        0,
        0,
        0,
        0,
        0,
        0,
        0,
        0,
        0,
        0,
        0,
        0,
        0,
        0,
        0,
        0,
        0,
        0,
        0,
        0,
        0,
        0,
        0,
        0,
        0,
        0,
        0,
        0,
        0,
        0,
        0,
        0,
        0,
        0,
        0
      ],
      "/Users/Jscincotta/challenges/api-tickets/app/controllers/api/tickets_controller.rb": [
        0,
        0,
        0,
        0,
        0,
        0,
        0,
        0,
        0,
        0,
        0,
        0,
        0,
        0,
        0,
        0,
        0,
        0,
        0,
        0,
        0,
        0,
        0,
        0,
        0,
        0,
        0,
        0,
        0,
        0,
        0,
        0,
        0,
        0,
        0,
        0,
        0
      ],
      "/Users/Jscincotta/challenges/api-tickets/app/controllers/api_controller.rb": [
        0,
        0,
        0,
        0,
        0
      ],
      "/Users/Jscincotta/challenges/api-tickets/app/jobs/application_job.rb": [
        0,
        0
      ],
      "/Users/Jscincotta/challenges/api-tickets/app/mailers/application_mailer.rb": [
        0,
        0,
        0,
        0
      ],
      "/Users/Jscincotta/challenges/api-tickets/app/models/recommended_search.rb": [
        0,
        0,
        0,
        0
      ]
    },
    "timestamp": 1477417794
  }
}
